2024-05-09 17:21:35 INFO  Added course COMP PROGRAMMING II to schedule test
2024-05-09 17:21:43 INFO  Added course INTRO TO DATA STRUCT & ALGORITHMS to schedule test
2024-05-09 17:21:50 INFO  Removed course INTRO TO DATA STRUCT & ALGORITHMS from schedule test
2024-05-09 17:22:10 INFO  Added course COMP PROGRAMMING I to schedule test
2024-05-09 17:22:16 INFO  Added course COMP PROGRAMMING I to schedule test 2
2024-05-09 18:32:44 INFO  Added course INTRO TO DATA SCIENCE to schedule fall 2
2024-05-09 18:32:44 INFO  Added course ADVANCED PROGRAMMING to schedule fall 1
2024-05-09 18:32:44 INFO  Added course OPERATING SYSTEMS to schedule fall 1
2024-05-09 18:37:46 INFO  Added course ADVANCED PROGRAMMING to schedule fall 1
2024-05-09 18:37:46 INFO  Added course OPERATING SYSTEMS to schedule fall 1
2024-05-09 18:37:46 INFO  Added course INTRO TO DATA SCIENCE to schedule fall 2
2024-05-09 18:37:46 INFO  Added course CALCULUS III to schedule fall 2
2024-05-09 18:41:30 INFO  Added course INTRO TO DATA SCIENCE to schedule fall 2
2024-05-09 18:41:31 INFO  Added course CALCULUS III to schedule fall 2
2024-05-09 18:41:31 INFO  Added course INTERMEDIATE ACCOUNTING II to schedule fall 1
2024-05-09 18:41:31 INFO  Added course ADVANCED PROGRAMMING to schedule fall 1
2024-05-09 18:41:31 INFO  Added course OPERATING SYSTEMS to schedule fall 1
2024-05-09 18:42:43 INFO  Added course INTRO TO DATA SCIENCE to schedule fall 2
2024-05-09 18:42:44 INFO  Added course CALCULUS III to schedule fall 2
2024-05-09 18:42:44 INFO  Added course INTERMEDIATE ACCOUNTING II to schedule fall 1
2024-05-09 18:42:44 INFO  Added course ADVANCED PROGRAMMING to schedule fall 1
2024-05-09 18:42:44 INFO  Added course OPERATING SYSTEMS to schedule fall 1
